<?xml version="1.0" encoding="utf-8"?><testsuites><testsuite name="pytest" errors="0" failures="0" skipped="0" tests="9" time="3.952" timestamp="2025-09-10T14:13:25.924941" hostname="DESKTOP-TQJN6OA"><testcase classname="tests.test_env_config.TestEnvConfig" name="test_parse_empty_file" time="0.010" /><testcase classname="tests.test_env_config.TestEnvConfig" name="test_parse_multiline_config" time="0.005" /><testcase classname="tests.test_env_config.TestEnvConfig" name="test_parse_simple_config" time="0.004" /><testcase classname="tests.test_env_config.TestEnvConfig" name="test_parse_with_comments_only" time="0.003" /><testcase classname="tests.test_env_config.TestEnvConfig" name="test_parse_without_env_file" time="0.003" /><testcase classname="tests.test_env_config.TestEnvConfig" name="test_save_env_file_preserve_unmodified_values" time="0.004" /><testcase classname="tests.test_env_config.TestEnvConfig" name="test_save_env_file_with_boolean_and_numeric_values" time="0.004" /><testcase classname="tests.test_env_config.TestEnvConfig" name="test_save_env_file_with_multiline_values" time="0.004" /><testcase classname="tests.test_env_config.TestEnvConfig" name="test_save_env_file_with_simple_values" time="0.005" /></testsuite></testsuites>